<?xml version="1.0" encoding="UTF-8"?>
<!-- Generated by org.testng.reporters.JUnitXMLReporter -->
<testsuite ignored="0" hostname="DESKTOP-S5MMF0I" failures="0" tests="2" name="Test" time="4.135" errors="0" timestamp="2023-03-30T10:32:53 IST">
  <testcase classname="TestNG.Annotation_RealTimeExample" name="@BeforeTest initializeBrowser" time="3.979">
    <failure type="org.openqa.selenium.remote.http.ConnectionFailedException" message="Unable to establish websocket connection to http://localhost:57071/devtools/browser/7ca38dd2-5797-45e4-b4d1-0d1a67d1623c
Build info: version: &amp;apos;4.8.0&amp;apos;, revision: &amp;apos;267030adea&amp;apos;
System info: os.name: &amp;apos;Windows 10&amp;apos;, os.arch: &amp;apos;amd64&amp;apos;, os.version: &amp;apos;10.0&amp;apos;, java.version: &amp;apos;17.0.5&amp;apos;
Driver info: driver.version: ChromeDriver">
      <![CDATA[org.openqa.selenium.remote.http.ConnectionFailedException: Unable to establish websocket connection to http://localhost:57071/devtools/browser/7ca38dd2-5797-45e4-b4d1-0d1a67d1623c
Build info: version: '4.8.0', revision: '267030adea'
System info: os.name: 'Windows 10', os.arch: 'amd64', os.version: '10.0', java.version: '17.0.5'
Driver info: driver.version: ChromeDriver
at org.openqa.selenium.remote.http.netty.NettyWebSocket.<init>(NettyWebSocket.java:102)
at org.openqa.selenium.remote.http.netty.NettyWebSocket.lambda$create$3(NettyWebSocket.java:128)
at org.openqa.selenium.remote.http.netty.NettyClient.openSocket(NettyClient.java:107)
at org.openqa.selenium.devtools.Connection.<init>(Connection.java:78)
at org.openqa.selenium.chromium.ChromiumDriver.lambda$new$2(ChromiumDriver.java:116)
at java.base/java.util.Optional.map(Optional.java:260)
at org.openqa.selenium.chromium.ChromiumDriver.<init>(ChromiumDriver.java:114)
at org.openqa.selenium.chrome.ChromeDriver.<init>(ChromeDriver.java:82)
at org.openqa.selenium.chrome.ChromeDriver.<init>(ChromeDriver.java:50)
at TestNG.Annotation_RealTimeExample.initializeBrowser(Annotation_RealTimeExample.java:19)
... Removed 24 stack frames]]>
    </failure>
  </testcase> <!-- @BeforeTest initializeBrowser -->
  <testcase classname="TestNG.Annotation_RealTimeExample" name="@AfterTest tearDown" time="0.0">
    <skipped/>
  </testcase> <!-- @AfterTest tearDown -->
  <testcase classname="TestNG.Annotation_RealTimeExample" name="launchApp" time="0.0">
    <skipped/>
  </testcase> <!-- launchApp -->
  <testcase classname="TestNG.Annotation_RealTimeExample" name="login" time="0.001">
    <skipped/>
  </testcase> <!-- login -->
</testsuite> <!-- Test -->
